<?xml version="1.0" encoding="UTF-8"?>
<coverage generated="1728125299368" clover="3.2.0">
  <project timestamp="1728125299368" name="All files">
    <metrics statements="29" coveredstatements="25" conditionals="4" coveredconditionals="4" methods="12" coveredmethods="9" elements="45" coveredelements="38" complexity="0" loc="29" ncloc="29" packages="2" files="2" classes="2"/>
    <package name="src">
      <metrics statements="10" coveredstatements="9" conditionals="0" coveredconditionals="0" methods="4" coveredmethods="3"/>
      <file name="App.js" path="/Users/xuenibian/Desktop/tribal-heart/src/App.js">
        <metrics statements="10" coveredstatements="9" conditionals="0" coveredconditionals="0" methods="4" coveredmethods="3"/>
        <line num="14" count="2" type="stmt"/>
        <line num="19" count="6" type="stmt"/>
        <line num="21" count="5" type="stmt"/>
        <line num="23" count="5" type="stmt"/>
        <line num="24" count="4" type="stmt"/>
        <line num="25" count="4" type="stmt"/>
        <line num="31" count="5" type="stmt"/>
        <line num="32" count="4" type="stmt"/>
        <line num="38" count="5" type="stmt"/>
        <line num="43" count="0" type="stmt"/>
      </file>
    </package>
    <package name="src.components">
      <metrics statements="19" coveredstatements="16" conditionals="4" coveredconditionals="4" methods="8" coveredmethods="6"/>
      <file name="NumberOfEvents.js" path="/Users/xuenibian/Desktop/tribal-heart/src/components/NumberOfEvents.js">
        <metrics statements="19" coveredstatements="16" conditionals="4" coveredconditionals="4" methods="8" coveredmethods="6"/>
        <line num="7" count="3" type="stmt"/>
        <line num="12" count="13" type="stmt"/>
        <line num="13" count="13" type="stmt"/>
        <line num="15" count="13" type="stmt"/>
        <line num="16" count="0" type="stmt"/>
        <line num="18" count="0" type="stmt"/>
        <line num="25" count="13" type="stmt"/>
        <line num="29" count="9" type="stmt"/>
        <line num="30" count="3" type="stmt"/>
        <line num="31" count="3" type="cond" truecount="2" falsecount="0"/>
        <line num="32" count="1" type="stmt"/>
        <line num="36" count="9" type="stmt"/>
        <line num="37" count="9" type="stmt"/>
        <line num="38" count="9" type="stmt"/>
        <line num="50" count="13" type="stmt"/>
        <line num="56" count="2" type="stmt"/>
        <line num="61" count="0" type="stmt"/>
        <line num="63" count="10" type="stmt"/>
        <line num="72" count="3" type="stmt"/>
      </file>
    </package>
  </project>
</coverage>
