<?xml version="1.0" encoding="UTF-8"?>
<coverage generated="1728046416444" clover="3.2.0">
  <project timestamp="1728046416444" name="All files">
    <metrics statements="57" coveredstatements="53" conditionals="14" coveredconditionals="13" methods="22" coveredmethods="22" elements="93" coveredelements="88" complexity="0" loc="57" ncloc="57" packages="2" files="8" classes="8"/>
    <package name="src">
      <metrics statements="13" coveredstatements="9" conditionals="0" coveredconditionals="0" methods="4" coveredmethods="4"/>
      <file name="App.js" path="/Users/xuenibian/Desktop/tribal-heart/src/App.js">
        <metrics statements="2" coveredstatements="2" conditionals="0" coveredconditionals="0" methods="1" coveredmethods="1"/>
        <line num="7" count="1" type="stmt"/>
        <line num="8" count="3" type="stmt"/>
      </file>
      <file name="api.js" path="/Users/xuenibian/Desktop/tribal-heart/src/api.js">
        <metrics statements="6" coveredstatements="6" conditionals="0" coveredconditionals="0" methods="3" coveredmethods="3"/>
        <line num="7" count="3" type="stmt"/>
        <line num="8" count="10" type="stmt"/>
        <line num="12" count="3" type="stmt"/>
        <line num="14" count="70" type="stmt"/>
        <line num="17" count="2" type="stmt"/>
        <line num="18" count="2" type="stmt"/>
      </file>
      <file name="index.js" path="/Users/xuenibian/Desktop/tribal-heart/src/index.js">
        <metrics statements="4" coveredstatements="0" conditionals="0" coveredconditionals="0" methods="0" coveredmethods="0"/>
        <line num="8" count="0" type="stmt"/>
        <line num="10" count="0" type="stmt"/>
        <line num="19" count="0" type="stmt"/>
        <line num="24" count="0" type="stmt"/>
      </file>
      <file name="mock-data.js" path="/Users/xuenibian/Desktop/tribal-heart/src/mock-data.js">
        <metrics statements="1" coveredstatements="1" conditionals="0" coveredconditionals="0" methods="0" coveredmethods="0"/>
        <line num="5" count="3" type="stmt"/>
      </file>
    </package>
    <package name="src.components">
      <metrics statements="44" coveredstatements="44" conditionals="14" coveredconditionals="13" methods="18" coveredmethods="18"/>
      <file name="CitySearch.js" path="/Users/xuenibian/Desktop/tribal-heart/src/components/CitySearch.js">
        <metrics statements="17" coveredstatements="17" conditionals="4" coveredconditionals="3" methods="6" coveredmethods="6"/>
        <line num="3" count="2" type="stmt"/>
        <line num="6" count="26" type="stmt"/>
        <line num="7" count="26" type="stmt"/>
        <line num="8" count="26" type="stmt"/>
        <line num="11" count="26" type="stmt"/>
        <line num="12" count="12" type="stmt"/>
        <line num="13" count="12" type="cond" truecount="1" falsecount="1"/>
        <line num="18" count="24" type="stmt"/>
        <line num="22" count="12" type="stmt"/>
        <line num="23" count="12" type="stmt"/>
        <line num="27" count="26" type="stmt"/>
        <line num="28" count="1" type="stmt"/>
        <line num="29" count="1" type="stmt"/>
        <line num="30" count="1" type="stmt"/>
        <line num="33" count="26" type="stmt"/>
        <line num="40" count="3" type="stmt"/>
        <line num="46" count="12" type="stmt"/>
      </file>
      <file name="Event.js" path="/Users/xuenibian/Desktop/tribal-heart/src/components/Event.js">
        <metrics statements="5" coveredstatements="5" conditionals="4" coveredconditionals="4" methods="2" coveredmethods="2"/>
        <line num="3" count="3" type="stmt"/>
        <line num="5" count="45" type="stmt"/>
        <line num="6" count="45" type="stmt"/>
        <line num="7" count="3" type="stmt"/>
        <line num="10" count="45" type="stmt"/>
      </file>
      <file name="EventList.js" path="/Users/xuenibian/Desktop/tribal-heart/src/components/EventList.js">
        <metrics statements="3" coveredstatements="3" conditionals="2" coveredconditionals="2" methods="2" coveredmethods="2"/>
        <line num="3" count="2" type="stmt"/>
        <line num="5" count="6" type="stmt"/>
        <line num="13" count="35" type="stmt"/>
      </file>
      <file name="NumberOfEvents.js" path="/Users/xuenibian/Desktop/tribal-heart/src/components/NumberOfEvents.js">
        <metrics statements="19" coveredstatements="19" conditionals="4" coveredconditionals="4" methods="8" coveredmethods="8"/>
        <line num="3" count="2" type="stmt"/>
        <line num="6" count="15" type="stmt"/>
        <line num="7" count="14" type="stmt"/>
        <line num="8" count="14" type="stmt"/>
        <line num="10" count="14" type="stmt"/>
        <line num="11" count="1" type="stmt"/>
        <line num="12" count="1" type="stmt"/>
        <line num="16" count="14" type="stmt"/>
        <line num="20" count="9" type="stmt"/>
        <line num="21" count="5" type="stmt"/>
        <line num="22" count="5" type="cond" truecount="2" falsecount="0"/>
        <line num="23" count="1" type="stmt"/>
        <line num="27" count="9" type="stmt"/>
        <line num="28" count="9" type="stmt"/>
        <line num="29" count="9" type="stmt"/>
        <line num="38" count="14" type="stmt"/>
        <line num="44" count="3" type="stmt"/>
        <line num="49" count="1" type="stmt"/>
        <line num="51" count="15" type="stmt"/>
      </file>
    </package>
  </project>
</coverage>
