{"/Users/xuenibian/Desktop/tribal-heart/src/App.js": {"path":"/Users/xuenibian/Desktop/tribal-heart/src/App.js","statementMap":{"0":{"start":{"line":14,"column":12},"end":{"line":73,"column":1}},"1":{"start":{"line":19,"column":38},"end":{"line":19,"column":50}},"2":{"start":{"line":20,"column":44},"end":{"line":20,"column":56}},"3":{"start":{"line":21,"column":46},"end":{"line":21,"column":58}},"4":{"start":{"line":22,"column":42},"end":{"line":22,"column":68}},"5":{"start":{"line":24,"column":22},"end":{"line":36,"column":5}},"6":{"start":{"line":25,"column":20},"end":{"line":25,"column":37}},"7":{"start":{"line":26,"column":1},"end":{"line":26,"column":47}},"8":{"start":{"line":29,"column":24},"end":{"line":31,"column":67}},"9":{"start":{"line":31,"column":36},"end":{"line":31,"column":66}},"10":{"start":{"line":35,"column":1},"end":{"line":35,"column":53}},"11":{"start":{"line":41,"column":4},"end":{"line":49,"column":16}},"12":{"start":{"line":45,"column":5},"end":{"line":45,"column":17}},"13":{"start":{"line":54,"column":4},"end":{"line":72,"column":6}},"14":{"start":{"line":64,"column":49},"end":{"line":64,"column":83}}},"fnMap":{"0":{"name":"(anonymous_0)","decl":{"start":{"line":14,"column":12},"end":{"line":14,"column":13}},"loc":{"start":{"line":14,"column":18},"end":{"line":73,"column":1}},"line":14},"1":{"name":"(anonymous_1)","decl":{"start":{"line":24,"column":22},"end":{"line":24,"column":23}},"loc":{"start":{"line":24,"column":34},"end":{"line":36,"column":5}},"line":24},"2":{"name":"(anonymous_2)","decl":{"start":{"line":31,"column":27},"end":{"line":31,"column":28}},"loc":{"start":{"line":31,"column":36},"end":{"line":31,"column":66}},"line":31},"3":{"name":"(anonymous_3)","decl":{"start":{"line":44,"column":1},"end":{"line":44,"column":2}},"loc":{"start":{"line":44,"column":7},"end":{"line":46,"column":2}},"line":44},"4":{"name":"(anonymous_4)","decl":{"start":{"line":64,"column":27},"end":{"line":64,"column":28}},"loc":{"start":{"line":64,"column":49},"end":{"line":64,"column":83}},"line":64}},"branchMap":{"0":{"loc":{"start":{"line":29,"column":24},"end":{"line":31,"column":67}},"type":"cond-expr","locations":[{"start":{"line":30,"column":9},"end":{"line":30,"column":19}},{"start":{"line":31,"column":9},"end":{"line":31,"column":67}}],"line":29}},"s":{"0":3,"1":13,"2":11,"3":11,"4":11,"5":11,"6":7,"7":7,"8":7,"9":35,"10":7,"11":11,"12":7,"13":11,"14":0},"f":{"0":13,"1":7,"2":35,"3":7,"4":0},"b":{"0":[6,1]},"_coverageSchema":"1a1c01bbd47fc00a2c39e90264f33305004495a9","hash":"5993cd4f81edaa2871c3a18647658ea546e2c8a5"}
,"/Users/xuenibian/Desktop/tribal-heart/src/api.js": {"path":"/Users/xuenibian/Desktop/tribal-heart/src/api.js","statementMap":{"0":{"start":{"line":7,"column":18},"end":{"line":9,"column":1}},"1":{"start":{"line":8,"column":4},"end":{"line":8,"column":20}},"2":{"start":{"line":12,"column":25},"end":{"line":19,"column":1}},"3":{"start":{"line":14,"column":31},"end":{"line":14,"column":68}},"4":{"start":{"line":14,"column":53},"end":{"line":14,"column":67}},"5":{"start":{"line":17,"column":28},"end":{"line":17,"column":60}},"6":{"start":{"line":18,"column":4},"end":{"line":18,"column":27}}},"fnMap":{"0":{"name":"(anonymous_0)","decl":{"start":{"line":7,"column":18},"end":{"line":7,"column":19}},"loc":{"start":{"line":7,"column":30},"end":{"line":9,"column":1}},"line":7},"1":{"name":"(anonymous_1)","decl":{"start":{"line":12,"column":25},"end":{"line":12,"column":26}},"loc":{"start":{"line":12,"column":37},"end":{"line":19,"column":1}},"line":12},"2":{"name":"(anonymous_2)","decl":{"start":{"line":14,"column":42},"end":{"line":14,"column":43}},"loc":{"start":{"line":14,"column":53},"end":{"line":14,"column":67}},"line":14}},"branchMap":{},"s":{"0":4,"1":19,"2":4,"3":10,"4":350,"5":10,"6":10},"f":{"0":19,"1":10,"2":350},"b":{},"_coverageSchema":"1a1c01bbd47fc00a2c39e90264f33305004495a9","hash":"dc43350d1cea9820296cc044d9292e0818865523"}
,"/Users/xuenibian/Desktop/tribal-heart/src/components/CitySearch.js": {"path":"/Users/xuenibian/Desktop/tribal-heart/src/components/CitySearch.js","statementMap":{"0":{"start":{"line":6,"column":19},"end":{"line":127,"column":1}},"1":{"start":{"line":12,"column":50},"end":{"line":12,"column":65}},"2":{"start":{"line":13,"column":30},"end":{"line":13,"column":42}},"3":{"start":{"line":14,"column":50},"end":{"line":14,"column":62}},"4":{"start":{"line":20,"column":4},"end":{"line":30,"column":22}},"5":{"start":{"line":24,"column":5},"end":{"line":24,"column":38}},"6":{"start":{"line":33,"column":4},"end":{"line":59,"column":6}},"7":{"start":{"line":37,"column":40},"end":{"line":46,"column":13}},"8":{"start":{"line":38,"column":22},"end":{"line":38,"column":60}},"9":{"start":{"line":39,"column":2},"end":{"line":45,"column":3}},"10":{"start":{"line":42,"column":6},"end":{"line":42,"column":94}},"11":{"start":{"line":44,"column":20},"end":{"line":44,"column":46}},"12":{"start":{"line":48,"column":12},"end":{"line":48,"column":72}},"13":{"start":{"line":51,"column":12},"end":{"line":53,"column":14}},"14":{"start":{"line":52,"column":2},"end":{"line":52,"column":65}},"15":{"start":{"line":65,"column":31},"end":{"line":78,"column":5}},"16":{"start":{"line":66,"column":23},"end":{"line":66,"column":41}},"17":{"start":{"line":67,"column":27},"end":{"line":74,"column":11}},"18":{"start":{"line":72,"column":4},"end":{"line":72,"column":85}},"19":{"start":{"line":76,"column":1},"end":{"line":76,"column":25}},"20":{"start":{"line":77,"column":1},"end":{"line":77,"column":39}},"21":{"start":{"line":81,"column":45},"end":{"line":86,"column":5}},"22":{"start":{"line":82,"column":20},"end":{"line":82,"column":44}},"23":{"start":{"line":83,"column":1},"end":{"line":83,"column":22}},"24":{"start":{"line":84,"column":1},"end":{"line":84,"column":28}},"25":{"start":{"line":85,"column":1},"end":{"line":85,"column":27}},"26":{"start":{"line":88,"column":39},"end":{"line":95,"column":5}},"27":{"start":{"line":91,"column":1},"end":{"line":91,"column":89}},"28":{"start":{"line":93,"column":1},"end":{"line":93,"column":34}},"29":{"start":{"line":94,"column":1},"end":{"line":94,"column":27}},"30":{"start":{"line":100,"column":4},"end":{"line":126,"column":5}},"31":{"start":{"line":108,"column":22},"end":{"line":108,"column":46}},"32":{"start":{"line":114,"column":5},"end":{"line":118,"column":17}}},"fnMap":{"0":{"name":"(anonymous_0)","decl":{"start":{"line":6,"column":19},"end":{"line":6,"column":20}},"loc":{"start":{"line":6,"column":57},"end":{"line":127,"column":1}},"line":6},"1":{"name":"(anonymous_1)","decl":{"start":{"line":23,"column":1},"end":{"line":23,"column":2}},"loc":{"start":{"line":23,"column":7},"end":{"line":25,"column":2}},"line":23},"2":{"name":"(anonymous_2)","decl":{"start":{"line":36,"column":1},"end":{"line":36,"column":2}},"loc":{"start":{"line":36,"column":7},"end":{"line":54,"column":2}},"line":36},"3":{"name":"(anonymous_3)","decl":{"start":{"line":37,"column":40},"end":{"line":37,"column":41}},"loc":{"start":{"line":37,"column":51},"end":{"line":46,"column":13}},"line":37},"4":{"name":"(anonymous_4)","decl":{"start":{"line":51,"column":19},"end":{"line":51,"column":20}},"loc":{"start":{"line":51,"column":25},"end":{"line":53,"column":13}},"line":51},"5":{"name":"(anonymous_5)","decl":{"start":{"line":65,"column":31},"end":{"line":65,"column":32}},"loc":{"start":{"line":65,"column":42},"end":{"line":78,"column":5}},"line":65},"6":{"name":"(anonymous_6)","decl":{"start":{"line":68,"column":29},"end":{"line":68,"column":30}},"loc":{"start":{"line":68,"column":52},"end":{"line":73,"column":8}},"line":68},"7":{"name":"(anonymous_7)","decl":{"start":{"line":81,"column":45},"end":{"line":81,"column":46}},"loc":{"start":{"line":81,"column":56},"end":{"line":86,"column":5}},"line":81},"8":{"name":"(anonymous_8)","decl":{"start":{"line":88,"column":39},"end":{"line":88,"column":40}},"loc":{"start":{"line":88,"column":50},"end":{"line":95,"column":5}},"line":88},"9":{"name":"(anonymous_9)","decl":{"start":{"line":108,"column":16},"end":{"line":108,"column":17}},"loc":{"start":{"line":108,"column":22},"end":{"line":108,"column":46}},"line":108},"10":{"name":"(anonymous_10)","decl":{"start":{"line":113,"column":31},"end":{"line":113,"column":32}},"loc":{"start":{"line":113,"column":47},"end":{"line":119,"column":18}},"line":113}},"branchMap":{"0":{"loc":{"start":{"line":39,"column":2},"end":{"line":45,"column":3}},"type":"if","locations":[{"start":{"line":39,"column":2},"end":{"line":45,"column":3}},{"start":{},"end":{}}],"line":39},"1":{"loc":{"start":{"line":67,"column":27},"end":{"line":74,"column":11}},"type":"cond-expr","locations":[{"start":{"line":68,"column":9},"end":{"line":73,"column":9}},{"start":{"line":74,"column":9},"end":{"line":74,"column":11}}],"line":67},"2":{"loc":{"start":{"line":111,"column":6},"end":{"line":124,"column":12}},"type":"cond-expr","locations":[{"start":{"line":112,"column":8},"end":{"line":123,"column":13}},{"start":{"line":124,"column":8},"end":{"line":124,"column":12}}],"line":111}},"s":{"0":3,"1":60,"2":60,"3":60,"4":60,"5":17,"6":60,"7":11,"8":7,"9":7,"10":0,"11":0,"12":11,"13":11,"14":11,"15":60,"16":18,"17":18,"18":36,"19":18,"20":18,"21":60,"22":2,"23":2,"24":2,"25":2,"26":60,"27":0,"28":0,"29":0,"30":60,"31":5,"32":26},"f":{"0":60,"1":17,"2":11,"3":7,"4":11,"5":18,"6":36,"7":2,"8":0,"9":5,"10":26},"b":{"0":[0,7],"1":[18,0],"2":[25,35]},"_coverageSchema":"1a1c01bbd47fc00a2c39e90264f33305004495a9","hash":"2a83cab34637f1e24b6422b05d27fd40fa39b8b0"}
,"/Users/xuenibian/Desktop/tribal-heart/src/components/EventList.js": {"path":"/Users/xuenibian/Desktop/tribal-heart/src/components/EventList.js","statementMap":{"0":{"start":{"line":4,"column":18},"end":{"line":19,"column":1}},"1":{"start":{"line":6,"column":4},"end":{"line":18,"column":6}},"2":{"start":{"line":14,"column":12},"end":{"line":14,"column":50}}},"fnMap":{"0":{"name":"(anonymous_0)","decl":{"start":{"line":4,"column":18},"end":{"line":4,"column":19}},"loc":{"start":{"line":4,"column":37},"end":{"line":19,"column":1}},"line":4},"1":{"name":"(anonymous_1)","decl":{"start":{"line":14,"column":3},"end":{"line":14,"column":4}},"loc":{"start":{"line":14,"column":12},"end":{"line":14,"column":50}},"line":14}},"branchMap":{"0":{"loc":{"start":{"line":12,"column":2},"end":{"line":15,"column":12}},"type":"cond-expr","locations":[{"start":{"line":13,"column":8},"end":{"line":14,"column":52}},{"start":{"line":15,"column":8},"end":{"line":15,"column":12}}],"line":12}},"s":{"0":3,"1":14,"2":85},"f":{"0":14,"1":85},"b":{"0":[12,2]},"_coverageSchema":"1a1c01bbd47fc00a2c39e90264f33305004495a9","hash":"0cd9fba140a99bc380a2c1ee6ae70f2d41ced693"}
,"/Users/xuenibian/Desktop/tribal-heart/src/components/NumberOfEvents.js": {"path":"/Users/xuenibian/Desktop/tribal-heart/src/components/NumberOfEvents.js","statementMap":{"0":{"start":{"line":7,"column":23},"end":{"line":72,"column":1}},"1":{"start":{"line":12,"column":44},"end":{"line":12,"column":59}},"2":{"start":{"line":13,"column":20},"end":{"line":13,"column":40}},"3":{"start":{"line":15,"column":39},"end":{"line":19,"column":5}},"4":{"start":{"line":16,"column":1},"end":{"line":16,"column":48}},"5":{"start":{"line":18,"column":1},"end":{"line":18,"column":32}},"6":{"start":{"line":25,"column":4},"end":{"line":47,"column":6}},"7":{"start":{"line":29,"column":40},"end":{"line":34,"column":13}},"8":{"start":{"line":30,"column":22},"end":{"line":30,"column":61}},"9":{"start":{"line":31,"column":2},"end":{"line":33,"column":3}},"10":{"start":{"line":32,"column":20},"end":{"line":32,"column":43}},"11":{"start":{"line":36,"column":12},"end":{"line":36,"column":72}},"12":{"start":{"line":39,"column":12},"end":{"line":41,"column":14}},"13":{"start":{"line":40,"column":2},"end":{"line":40,"column":65}},"14":{"start":{"line":52,"column":4},"end":{"line":71,"column":5}},"15":{"start":{"line":58,"column":31},"end":{"line":58,"column":61}},"16":{"start":{"line":63,"column":29},"end":{"line":63,"column":58}},"17":{"start":{"line":65,"column":4},"end":{"line":65,"column":57}},"18":{"start":{"line":74,"column":0},"end":{"line":77,"column":2}}},"fnMap":{"0":{"name":"(anonymous_0)","decl":{"start":{"line":7,"column":23},"end":{"line":7,"column":24}},"loc":{"start":{"line":7,"column":64},"end":{"line":72,"column":1}},"line":7},"1":{"name":"(anonymous_1)","decl":{"start":{"line":15,"column":39},"end":{"line":15,"column":40}},"loc":{"start":{"line":15,"column":46},"end":{"line":19,"column":5}},"line":15},"2":{"name":"(anonymous_2)","decl":{"start":{"line":28,"column":1},"end":{"line":28,"column":2}},"loc":{"start":{"line":28,"column":7},"end":{"line":42,"column":2}},"line":28},"3":{"name":"(anonymous_3)","decl":{"start":{"line":29,"column":40},"end":{"line":29,"column":41}},"loc":{"start":{"line":29,"column":51},"end":{"line":34,"column":13}},"line":29},"4":{"name":"(anonymous_4)","decl":{"start":{"line":39,"column":19},"end":{"line":39,"column":20}},"loc":{"start":{"line":39,"column":25},"end":{"line":41,"column":13}},"line":39},"5":{"name":"(anonymous_5)","decl":{"start":{"line":58,"column":25},"end":{"line":58,"column":26}},"loc":{"start":{"line":58,"column":31},"end":{"line":58,"column":61}},"line":58},"6":{"name":"(anonymous_6)","decl":{"start":{"line":63,"column":22},"end":{"line":63,"column":23}},"loc":{"start":{"line":63,"column":29},"end":{"line":63,"column":58}},"line":63},"7":{"name":"(anonymous_7)","decl":{"start":{"line":64,"column":18},"end":{"line":64,"column":19}},"loc":{"start":{"line":65,"column":4},"end":{"line":65,"column":57}},"line":65}},"branchMap":{"0":{"loc":{"start":{"line":31,"column":2},"end":{"line":33,"column":3}},"type":"if","locations":[{"start":{"line":31,"column":2},"end":{"line":33,"column":3}},{"start":{},"end":{}}],"line":31},"1":{"loc":{"start":{"line":61,"column":8},"end":{"line":68,"column":14}},"type":"cond-expr","locations":[{"start":{"line":62,"column":10},"end":{"line":67,"column":19}},{"start":{"line":68,"column":10},"end":{"line":68,"column":14}}],"line":61}},"s":{"0":4,"1":19,"2":19,"3":19,"4":0,"5":0,"6":19,"7":11,"8":6,"9":6,"10":4,"11":11,"12":11,"13":11,"14":19,"15":2,"16":0,"17":10,"18":4},"f":{"0":19,"1":0,"2":11,"3":6,"4":11,"5":2,"6":0,"7":10},"b":{"0":[4,2],"1":[2,17]},"_coverageSchema":"1a1c01bbd47fc00a2c39e90264f33305004495a9","hash":"b2b4e1e7ed0a78798822cc9460d6b105224146ed"}
}
