{"/Users/xuenibian/Desktop/tribal-heart/src/App.js": {"path":"/Users/xuenibian/Desktop/tribal-heart/src/App.js","statementMap":{"0":{"start":{"line":7,"column":12},"end":{"line":15,"column":1}},"1":{"start":{"line":8,"column":4},"end":{"line":14,"column":6}}},"fnMap":{"0":{"name":"(anonymous_0)","decl":{"start":{"line":7,"column":12},"end":{"line":7,"column":13}},"loc":{"start":{"line":7,"column":18},"end":{"line":15,"column":1}},"line":7}},"branchMap":{},"s":{"0":1,"1":3},"f":{"0":3},"b":{},"_coverageSchema":"1a1c01bbd47fc00a2c39e90264f33305004495a9","hash":"7031d8d2fd3f0b5da65c57dec475ecc8183a0fb6"}
,"/Users/xuenibian/Desktop/tribal-heart/src/api.js": {"path":"/Users/xuenibian/Desktop/tribal-heart/src/api.js","statementMap":{"0":{"start":{"line":7,"column":18},"end":{"line":9,"column":1}},"1":{"start":{"line":8,"column":4},"end":{"line":8,"column":20}},"2":{"start":{"line":12,"column":25},"end":{"line":19,"column":1}},"3":{"start":{"line":14,"column":31},"end":{"line":14,"column":68}},"4":{"start":{"line":14,"column":53},"end":{"line":14,"column":67}},"5":{"start":{"line":17,"column":28},"end":{"line":17,"column":60}},"6":{"start":{"line":18,"column":4},"end":{"line":18,"column":27}}},"fnMap":{"0":{"name":"(anonymous_0)","decl":{"start":{"line":7,"column":18},"end":{"line":7,"column":19}},"loc":{"start":{"line":7,"column":30},"end":{"line":9,"column":1}},"line":7},"1":{"name":"(anonymous_1)","decl":{"start":{"line":12,"column":25},"end":{"line":12,"column":26}},"loc":{"start":{"line":12,"column":37},"end":{"line":19,"column":1}},"line":12},"2":{"name":"(anonymous_2)","decl":{"start":{"line":14,"column":42},"end":{"line":14,"column":43}},"loc":{"start":{"line":14,"column":53},"end":{"line":14,"column":67}},"line":14}},"branchMap":{},"s":{"0":3,"1":10,"2":3,"3":2,"4":70,"5":2,"6":2},"f":{"0":10,"1":2,"2":70},"b":{},"_coverageSchema":"1a1c01bbd47fc00a2c39e90264f33305004495a9","hash":"dc43350d1cea9820296cc044d9292e0818865523"}
,"/Users/xuenibian/Desktop/tribal-heart/src/index.js": {"path":"/Users/xuenibian/Desktop/tribal-heart/src/index.js","statementMap":{"0":{"start":{"line":8,"column":13},"end":{"line":8,"column":65}},"1":{"start":{"line":10,"column":0},"end":{"line":14,"column":2}},"2":{"start":{"line":19,"column":0},"end":{"line":19,"column":39}},"3":{"start":{"line":24,"column":0},"end":{"line":24,"column":18}}},"fnMap":{},"branchMap":{},"s":{"0":0,"1":0,"2":0,"3":0},"f":{},"b":{}}
,"/Users/xuenibian/Desktop/tribal-heart/src/mock-data.js": {"path":"/Users/xuenibian/Desktop/tribal-heart/src/mock-data.js","statementMap":{"0":{"start":{"line":5,"column":17},"end":{"line":1371,"column":1}}},"fnMap":{},"branchMap":{},"s":{"0":3},"f":{},"b":{},"_coverageSchema":"1a1c01bbd47fc00a2c39e90264f33305004495a9","hash":"3d4b7a9f606a7af0aa15fe3cc43e952603d664d7"}
,"/Users/xuenibian/Desktop/tribal-heart/src/components/CitySearch.js": {"path":"/Users/xuenibian/Desktop/tribal-heart/src/components/CitySearch.js","statementMap":{"0":{"start":{"line":3,"column":19},"end":{"line":60,"column":1}},"1":{"start":{"line":6,"column":50},"end":{"line":6,"column":65}},"2":{"start":{"line":7,"column":30},"end":{"line":7,"column":42}},"3":{"start":{"line":8,"column":50},"end":{"line":8,"column":62}},"4":{"start":{"line":11,"column":31},"end":{"line":24,"column":5}},"5":{"start":{"line":12,"column":23},"end":{"line":12,"column":41}},"6":{"start":{"line":13,"column":27},"end":{"line":20,"column":11}},"7":{"start":{"line":18,"column":4},"end":{"line":18,"column":85}},"8":{"start":{"line":22,"column":1},"end":{"line":22,"column":25}},"9":{"start":{"line":23,"column":1},"end":{"line":23,"column":39}},"10":{"start":{"line":27,"column":45},"end":{"line":31,"column":5}},"11":{"start":{"line":28,"column":20},"end":{"line":28,"column":44}},"12":{"start":{"line":29,"column":1},"end":{"line":29,"column":22}},"13":{"start":{"line":30,"column":1},"end":{"line":30,"column":27}},"14":{"start":{"line":33,"column":4},"end":{"line":59,"column":5}},"15":{"start":{"line":40,"column":22},"end":{"line":40,"column":46}},"16":{"start":{"line":46,"column":5},"end":{"line":50,"column":17}}},"fnMap":{"0":{"name":"(anonymous_0)","decl":{"start":{"line":3,"column":19},"end":{"line":3,"column":20}},"loc":{"start":{"line":3,"column":41},"end":{"line":60,"column":1}},"line":3},"1":{"name":"(anonymous_1)","decl":{"start":{"line":11,"column":31},"end":{"line":11,"column":32}},"loc":{"start":{"line":11,"column":42},"end":{"line":24,"column":5}},"line":11},"2":{"name":"(anonymous_2)","decl":{"start":{"line":14,"column":29},"end":{"line":14,"column":30}},"loc":{"start":{"line":14,"column":52},"end":{"line":19,"column":8}},"line":14},"3":{"name":"(anonymous_3)","decl":{"start":{"line":27,"column":45},"end":{"line":27,"column":46}},"loc":{"start":{"line":27,"column":56},"end":{"line":31,"column":5}},"line":27},"4":{"name":"(anonymous_4)","decl":{"start":{"line":40,"column":16},"end":{"line":40,"column":17}},"loc":{"start":{"line":40,"column":22},"end":{"line":40,"column":46}},"line":40},"5":{"name":"(anonymous_5)","decl":{"start":{"line":45,"column":31},"end":{"line":45,"column":32}},"loc":{"start":{"line":45,"column":47},"end":{"line":51,"column":18}},"line":45}},"branchMap":{"0":{"loc":{"start":{"line":13,"column":27},"end":{"line":20,"column":11}},"type":"cond-expr","locations":[{"start":{"line":14,"column":9},"end":{"line":19,"column":9}},{"start":{"line":20,"column":9},"end":{"line":20,"column":11}}],"line":13},"1":{"loc":{"start":{"line":43,"column":6},"end":{"line":57,"column":12}},"type":"cond-expr","locations":[{"start":{"line":44,"column":8},"end":{"line":56,"column":13}},{"start":{"line":57,"column":8},"end":{"line":57,"column":12}}],"line":43}},"s":{"0":2,"1":26,"2":26,"3":26,"4":26,"5":12,"6":12,"7":24,"8":12,"9":12,"10":26,"11":1,"12":1,"13":1,"14":26,"15":3,"16":12},"f":{"0":26,"1":12,"2":24,"3":1,"4":3,"5":12},"b":{"0":[12,0],"1":[15,11]},"_coverageSchema":"1a1c01bbd47fc00a2c39e90264f33305004495a9","hash":"a419fae111328c7acb274f92bdb872dfb5fdc245"}
,"/Users/xuenibian/Desktop/tribal-heart/src/components/Event.js": {"path":"/Users/xuenibian/Desktop/tribal-heart/src/components/Event.js","statementMap":{"0":{"start":{"line":3,"column":14},"end":{"line":32,"column":1}},"1":{"start":{"line":5,"column":42},"end":{"line":5,"column":57}},"2":{"start":{"line":6,"column":26},"end":{"line":8,"column":5}},"3":{"start":{"line":7,"column":8},"end":{"line":7,"column":37}},"4":{"start":{"line":10,"column":4},"end":{"line":31,"column":6}}},"fnMap":{"0":{"name":"(anonymous_0)","decl":{"start":{"line":3,"column":14},"end":{"line":3,"column":15}},"loc":{"start":{"line":3,"column":29},"end":{"line":32,"column":1}},"line":3},"1":{"name":"(anonymous_1)","decl":{"start":{"line":6,"column":26},"end":{"line":6,"column":27}},"loc":{"start":{"line":6,"column":32},"end":{"line":8,"column":5}},"line":6}},"branchMap":{"0":{"loc":{"start":{"line":16,"column":3},"end":{"line":24,"column":3}},"type":"binary-expr","locations":[{"start":{"line":16,"column":3},"end":{"line":16,"column":14}},{"start":{"line":17,"column":6},"end":{"line":23,"column":12}}],"line":16},"1":{"loc":{"start":{"line":27,"column":7},"end":{"line":27,"column":52}},"type":"cond-expr","locations":[{"start":{"line":27,"column":21},"end":{"line":27,"column":35}},{"start":{"line":27,"column":38},"end":{"line":27,"column":52}}],"line":27}},"s":{"0":3,"1":45,"2":45,"3":3,"4":45},"f":{"0":45,"1":3},"b":{"0":[45,2],"1":[2,43]},"_coverageSchema":"1a1c01bbd47fc00a2c39e90264f33305004495a9","hash":"cc456c1dac300a7ca3a5215240e5a59fdc8f68b1"}
,"/Users/xuenibian/Desktop/tribal-heart/src/components/EventList.js": {"path":"/Users/xuenibian/Desktop/tribal-heart/src/components/EventList.js","statementMap":{"0":{"start":{"line":3,"column":18},"end":{"line":19,"column":1}},"1":{"start":{"line":5,"column":4},"end":{"line":18,"column":6}},"2":{"start":{"line":13,"column":12},"end":{"line":13,"column":50}}},"fnMap":{"0":{"name":"(anonymous_0)","decl":{"start":{"line":3,"column":18},"end":{"line":3,"column":19}},"loc":{"start":{"line":3,"column":37},"end":{"line":19,"column":1}},"line":3},"1":{"name":"(anonymous_1)","decl":{"start":{"line":13,"column":3},"end":{"line":13,"column":4}},"loc":{"start":{"line":13,"column":12},"end":{"line":13,"column":50}},"line":13}},"branchMap":{"0":{"loc":{"start":{"line":11,"column":2},"end":{"line":14,"column":12}},"type":"cond-expr","locations":[{"start":{"line":12,"column":8},"end":{"line":13,"column":52}},{"start":{"line":14,"column":8},"end":{"line":14,"column":12}}],"line":11}},"s":{"0":2,"1":6,"2":35},"f":{"0":6,"1":35},"b":{"0":[1,5]},"_coverageSchema":"1a1c01bbd47fc00a2c39e90264f33305004495a9","hash":"07b970ec3c3910b111a663ed4c591e20719c58a3"}
,"/Users/xuenibian/Desktop/tribal-heart/src/components/NumberOfEvents.js": {"path":"/Users/xuenibian/Desktop/tribal-heart/src/components/NumberOfEvents.js","statementMap":{"0":{"start":{"line":3,"column":23},"end":{"line":58,"column":1}},"1":{"start":{"line":6,"column":46},"end":{"line":6,"column":58}},"2":{"start":{"line":7,"column":44},"end":{"line":7,"column":59}},"3":{"start":{"line":8,"column":20},"end":{"line":8,"column":40}},"4":{"start":{"line":10,"column":39},"end":{"line":13,"column":5}},"5":{"start":{"line":11,"column":1},"end":{"line":11,"column":47}},"6":{"start":{"line":12,"column":1},"end":{"line":12,"column":32}},"7":{"start":{"line":16,"column":4},"end":{"line":36,"column":6}},"8":{"start":{"line":20,"column":40},"end":{"line":25,"column":13}},"9":{"start":{"line":21,"column":22},"end":{"line":21,"column":61}},"10":{"start":{"line":22,"column":2},"end":{"line":24,"column":3}},"11":{"start":{"line":23,"column":20},"end":{"line":23,"column":43}},"12":{"start":{"line":27,"column":12},"end":{"line":27,"column":72}},"13":{"start":{"line":28,"column":12},"end":{"line":30,"column":14}},"14":{"start":{"line":29,"column":2},"end":{"line":29,"column":65}},"15":{"start":{"line":38,"column":4},"end":{"line":57,"column":5}},"16":{"start":{"line":44,"column":31},"end":{"line":44,"column":61}},"17":{"start":{"line":49,"column":29},"end":{"line":49,"column":58}},"18":{"start":{"line":51,"column":4},"end":{"line":51,"column":57}}},"fnMap":{"0":{"name":"(anonymous_0)","decl":{"start":{"line":3,"column":23},"end":{"line":3,"column":24}},"loc":{"start":{"line":3,"column":29},"end":{"line":58,"column":1}},"line":3},"1":{"name":"(anonymous_1)","decl":{"start":{"line":10,"column":39},"end":{"line":10,"column":40}},"loc":{"start":{"line":10,"column":46},"end":{"line":13,"column":5}},"line":10},"2":{"name":"(anonymous_2)","decl":{"start":{"line":19,"column":1},"end":{"line":19,"column":2}},"loc":{"start":{"line":19,"column":7},"end":{"line":31,"column":2}},"line":19},"3":{"name":"(anonymous_3)","decl":{"start":{"line":20,"column":40},"end":{"line":20,"column":41}},"loc":{"start":{"line":20,"column":51},"end":{"line":25,"column":13}},"line":20},"4":{"name":"(anonymous_4)","decl":{"start":{"line":28,"column":19},"end":{"line":28,"column":20}},"loc":{"start":{"line":28,"column":25},"end":{"line":30,"column":13}},"line":28},"5":{"name":"(anonymous_5)","decl":{"start":{"line":44,"column":25},"end":{"line":44,"column":26}},"loc":{"start":{"line":44,"column":31},"end":{"line":44,"column":61}},"line":44},"6":{"name":"(anonymous_6)","decl":{"start":{"line":49,"column":22},"end":{"line":49,"column":23}},"loc":{"start":{"line":49,"column":29},"end":{"line":49,"column":58}},"line":49},"7":{"name":"(anonymous_7)","decl":{"start":{"line":50,"column":18},"end":{"line":50,"column":19}},"loc":{"start":{"line":51,"column":4},"end":{"line":51,"column":57}},"line":51}},"branchMap":{"0":{"loc":{"start":{"line":22,"column":2},"end":{"line":24,"column":3}},"type":"if","locations":[{"start":{"line":22,"column":2},"end":{"line":24,"column":3}},{"start":{},"end":{}}],"line":22},"1":{"loc":{"start":{"line":47,"column":8},"end":{"line":54,"column":14}},"type":"cond-expr","locations":[{"start":{"line":48,"column":10},"end":{"line":53,"column":19}},{"start":{"line":54,"column":10},"end":{"line":54,"column":14}}],"line":47}},"s":{"0":2,"1":15,"2":14,"3":14,"4":14,"5":1,"6":1,"7":14,"8":9,"9":5,"10":5,"11":1,"12":9,"13":9,"14":9,"15":14,"16":3,"17":1,"18":15},"f":{"0":15,"1":1,"2":9,"3":5,"4":9,"5":3,"6":1,"7":15},"b":{"0":[1,4],"1":[3,11]},"_coverageSchema":"1a1c01bbd47fc00a2c39e90264f33305004495a9","hash":"e69e296fd9fc9626f7a5bb01b70265db84bf3ae8"}
}
