TN:
SF:src/App.js
FN:14,(anonymous_0)
FN:24,(anonymous_1)
FN:31,(anonymous_2)
FN:44,(anonymous_3)
FN:64,(anonymous_4)
FNF:5
FNH:4
FNDA:13,(anonymous_0)
FNDA:7,(anonymous_1)
FNDA:35,(anonymous_2)
FNDA:7,(anonymous_3)
FNDA:0,(anonymous_4)
DA:14,3
DA:19,13
DA:20,11
DA:21,11
DA:22,11
DA:24,11
DA:25,7
DA:26,7
DA:29,7
DA:31,35
DA:35,7
DA:41,11
DA:45,7
DA:54,11
DA:64,0
LF:15
LH:14
BRDA:29,0,0,6
BRDA:29,0,1,1
BRF:2
BRH:2
end_of_record
TN:
SF:src/api.js
FN:7,(anonymous_0)
FN:12,(anonymous_1)
FN:14,(anonymous_2)
FNF:3
FNH:3
FNDA:19,(anonymous_0)
FNDA:10,(anonymous_1)
FNDA:350,(anonymous_2)
DA:7,4
DA:8,19
DA:12,4
DA:14,350
DA:17,10
DA:18,10
LF:6
LH:6
BRF:0
BRH:0
end_of_record
TN:
SF:src/components/CitySearch.js
FN:6,(anonymous_0)
FN:23,(anonymous_1)
FN:36,(anonymous_2)
FN:37,(anonymous_3)
FN:51,(anonymous_4)
FN:65,(anonymous_5)
FN:68,(anonymous_6)
FN:81,(anonymous_7)
FN:88,(anonymous_8)
FN:108,(anonymous_9)
FN:113,(anonymous_10)
FNF:11
FNH:10
FNDA:60,(anonymous_0)
FNDA:17,(anonymous_1)
FNDA:11,(anonymous_2)
FNDA:7,(anonymous_3)
FNDA:11,(anonymous_4)
FNDA:18,(anonymous_5)
FNDA:36,(anonymous_6)
FNDA:2,(anonymous_7)
FNDA:0,(anonymous_8)
FNDA:5,(anonymous_9)
FNDA:26,(anonymous_10)
DA:6,3
DA:12,60
DA:13,60
DA:14,60
DA:20,60
DA:24,17
DA:33,60
DA:37,11
DA:38,7
DA:39,7
DA:42,0
DA:44,0
DA:48,11
DA:51,11
DA:52,11
DA:65,60
DA:66,18
DA:67,18
DA:72,36
DA:76,18
DA:77,18
DA:81,60
DA:82,2
DA:83,2
DA:84,2
DA:85,2
DA:88,60
DA:91,0
DA:93,0
DA:94,0
DA:100,60
DA:108,5
DA:114,26
LF:33
LH:28
BRDA:39,0,0,0
BRDA:39,0,1,7
BRDA:67,1,0,18
BRDA:67,1,1,0
BRDA:111,2,0,25
BRDA:111,2,1,35
BRF:6
BRH:4
end_of_record
TN:
SF:src/components/EventList.js
FN:4,(anonymous_0)
FN:14,(anonymous_1)
FNF:2
FNH:2
FNDA:14,(anonymous_0)
FNDA:85,(anonymous_1)
DA:4,3
DA:6,14
DA:14,85
LF:3
LH:3
BRDA:12,0,0,12
BRDA:12,0,1,2
BRF:2
BRH:2
end_of_record
TN:
SF:src/components/NumberOfEvents.js
FN:7,(anonymous_0)
FN:15,(anonymous_1)
FN:28,(anonymous_2)
FN:29,(anonymous_3)
FN:39,(anonymous_4)
FN:58,(anonymous_5)
FN:63,(anonymous_6)
FN:64,(anonymous_7)
FNF:8
FNH:6
FNDA:19,(anonymous_0)
FNDA:0,(anonymous_1)
FNDA:11,(anonymous_2)
FNDA:6,(anonymous_3)
FNDA:11,(anonymous_4)
FNDA:2,(anonymous_5)
FNDA:0,(anonymous_6)
FNDA:10,(anonymous_7)
DA:7,4
DA:12,19
DA:13,19
DA:15,19
DA:16,0
DA:18,0
DA:25,19
DA:29,11
DA:30,6
DA:31,6
DA:32,4
DA:36,11
DA:39,11
DA:40,11
DA:52,19
DA:58,2
DA:63,0
DA:65,10
DA:74,4
LF:19
LH:16
BRDA:31,0,0,4
BRDA:31,0,1,2
BRDA:61,1,0,2
BRDA:61,1,1,17
BRF:4
BRH:4
end_of_record
