TN:
SF:src/App.js
FN:7,(anonymous_0)
FNF:1
FNH:1
FNDA:3,(anonymous_0)
DA:7,1
DA:8,3
LF:2
LH:2
BRF:0
BRH:0
end_of_record
TN:
SF:src/api.js
FN:7,(anonymous_0)
FN:12,(anonymous_1)
FN:14,(anonymous_2)
FNF:3
FNH:3
FNDA:10,(anonymous_0)
FNDA:2,(anonymous_1)
FNDA:70,(anonymous_2)
DA:7,3
DA:8,10
DA:12,3
DA:14,70
DA:17,2
DA:18,2
LF:6
LH:6
BRF:0
BRH:0
end_of_record
TN:
SF:src/index.js
FNF:0
FNH:0
DA:8,0
DA:10,0
DA:19,0
DA:24,0
LF:4
LH:0
BRF:0
BRH:0
end_of_record
TN:
SF:src/mock-data.js
FNF:0
FNH:0
DA:5,3
LF:1
LH:1
BRF:0
BRH:0
end_of_record
TN:
SF:src/components/CitySearch.js
FN:3,(anonymous_0)
FN:11,(anonymous_1)
FN:14,(anonymous_2)
FN:27,(anonymous_3)
FN:40,(anonymous_4)
FN:45,(anonymous_5)
FNF:6
FNH:6
FNDA:26,(anonymous_0)
FNDA:12,(anonymous_1)
FNDA:24,(anonymous_2)
FNDA:1,(anonymous_3)
FNDA:3,(anonymous_4)
FNDA:12,(anonymous_5)
DA:3,2
DA:6,26
DA:7,26
DA:8,26
DA:11,26
DA:12,12
DA:13,12
DA:18,24
DA:22,12
DA:23,12
DA:27,26
DA:28,1
DA:29,1
DA:30,1
DA:33,26
DA:40,3
DA:46,12
LF:17
LH:17
BRDA:13,0,0,12
BRDA:13,0,1,0
BRDA:43,1,0,15
BRDA:43,1,1,11
BRF:4
BRH:3
end_of_record
TN:
SF:src/components/Event.js
FN:3,(anonymous_0)
FN:6,(anonymous_1)
FNF:2
FNH:2
FNDA:45,(anonymous_0)
FNDA:3,(anonymous_1)
DA:3,3
DA:5,45
DA:6,45
DA:7,3
DA:10,45
LF:5
LH:5
BRDA:16,0,0,45
BRDA:16,0,1,2
BRDA:27,1,0,2
BRDA:27,1,1,43
BRF:4
BRH:4
end_of_record
TN:
SF:src/components/EventList.js
FN:3,(anonymous_0)
FN:13,(anonymous_1)
FNF:2
FNH:2
FNDA:6,(anonymous_0)
FNDA:35,(anonymous_1)
DA:3,2
DA:5,6
DA:13,35
LF:3
LH:3
BRDA:11,0,0,1
BRDA:11,0,1,5
BRF:2
BRH:2
end_of_record
TN:
SF:src/components/NumberOfEvents.js
FN:3,(anonymous_0)
FN:10,(anonymous_1)
FN:19,(anonymous_2)
FN:20,(anonymous_3)
FN:28,(anonymous_4)
FN:44,(anonymous_5)
FN:49,(anonymous_6)
FN:50,(anonymous_7)
FNF:8
FNH:8
FNDA:15,(anonymous_0)
FNDA:1,(anonymous_1)
FNDA:9,(anonymous_2)
FNDA:5,(anonymous_3)
FNDA:9,(anonymous_4)
FNDA:3,(anonymous_5)
FNDA:1,(anonymous_6)
FNDA:15,(anonymous_7)
DA:3,2
DA:6,15
DA:7,14
DA:8,14
DA:10,14
DA:11,1
DA:12,1
DA:16,14
DA:20,9
DA:21,5
DA:22,5
DA:23,1
DA:27,9
DA:28,9
DA:29,9
DA:38,14
DA:44,3
DA:49,1
DA:51,15
LF:19
LH:19
BRDA:22,0,0,1
BRDA:22,0,1,4
BRDA:47,1,0,3
BRDA:47,1,1,11
BRF:4
BRH:4
end_of_record
